#
# There is insufficient memory for the Java Runtime Environment to continue.
# Native memory allocation (malloc) failed to allocate 565136 bytes for Chunk::new
# Possible reasons:
#   The system is out of physical RAM or swap space
#   In 32 bit mode, the process size limit was hit
# Possible solutions:
#   Reduce memory load on the system
#   Increase physical memory or swap space
#   Check if swap backing store is full
#   Use 64 bit Java on a 64 bit OS
#   Decrease Java heap size (-Xmx/-Xms)
#   Decrease number of Java threads
#   Decrease Java thread stack sizes (-Xss)
#   Set larger code cache with -XX:ReservedCodeCacheSize=
# This output file may be truncated or incomplete.
#
#  Out of Memory Error (allocation.cpp:390), pid=5996, tid=0x0000000000000a50
#
# JRE version: OpenJDK Runtime Environment (8.0_112-b06) (build 1.8.0_112-release-b06)
# Java VM: OpenJDK 64-Bit Server VM (25.112-b06 mixed mode windows-amd64 compressed oops)
# Failed to write core dump. Minidumps are not enabled by default on client versions of Windows
#

---------------  T H R E A D  ---------------

Current thread (0x000000001516a000):  JavaThread "C2 CompilerThread1" daemon [_thread_in_native, id=2640, stack(0x00000000168d0000,0x00000000169d0000)]

Stack: [0x00000000168d0000,0x00000000169d0000]
[error occurred during error reporting (printing stack bounds), id 0xc0000005]

Native frames: (J=compiled Java code, j=interpreted, Vv=VM code, C=native code)


Current CompileTask:
C2:   9846 1301       4       com.android.dx.dex.code.OutputFinisher::addConstants (93 bytes)


---------------  P R O C E S S  ---------------

Java Threads: ( => current thread )
  0x0000000016c8e800 JavaThread "pool-1-thread-1" [_thread_in_Java, id=5040, stack(0x00000000170d0000,0x00000000171d0000)]
  0x00000000151be000 JavaThread "Service Thread" daemon [_thread_blocked, id=796, stack(0x0000000016ed0000,0x0000000016fd0000)]
  0x000000001515f800 JavaThread "C1 CompilerThread2" daemon [_thread_in_native, id=4828, stack(0x00000000169d0000,0x0000000016ad0000)]
=>0x000000001516a000 JavaThread "C2 CompilerThread1" daemon [_thread_in_native, id=2640, stack(0x00000000168d0000,0x00000000169d0000)]
  0x0000000015167000 JavaThread "C2 CompilerThread0" daemon [_thread_in_native, id=7908, stack(0x00000000167d0000,0x00000000168d0000)]
  0x0000000015165800 JavaThread "Attach Listener" daemon [_thread_blocked, id=8852, stack(0x00000000166d0000,0x00000000167d0000)]
  0x0000000015164000 JavaThread "Signal Dispatcher" daemon [_thread_blocked, id=7652, stack(0x00000000165d0000,0x00000000166d0000)]
  0x0000000002a8b000 JavaThread "Finalizer" daemon [_thread_blocked, id=8752, stack(0x00000000163e0000,0x00000000164e0000)]
  0x0000000002a80800 JavaThread "Reference Handler" daemon [_thread_blocked, id=456, stack(0x00000000162e0000,0x00000000163e0000)]
  0x0000000002990800 JavaThread "main" [_thread_blocked, id=4984, stack(0x0000000002890000,0x0000000002990000)]

Other Threads:
  0x0000000015125800 VMThread [stack: 0x00000000161e0000,0x00000000162e0000] [id=7176]
  0x00000000151be800 WatcherThread [stack: 0x0000000016fd0000,0x00000000170d0000] [id=7864]

VM state:not at safepoint (normal execution)

VM Mutex/Monitor currently owned by a thread: None

Heap:
 PSYoungGen      total 38400K, used 15776K [0x00000000eab00000, 0x00000000ef600000, 0x0000000100000000)
  eden space 33280K, 32% used [0x00000000eab00000,0x00000000eb56a528,0x00000000ecb80000)
  from space 5120K, 99% used [0x00000000ecb80000,0x00000000ed07dc88,0x00000000ed080000)
  to   space 5120K, 0% used [0x00000000ef100000,0x00000000ef100000,0x00000000ef600000)
 ParOldGen       total 87552K, used 1555K [0x00000000c0000000, 0x00000000c5580000, 0x00000000eab00000)
  object space 87552K, 1% used [0x00000000c0000000,0x00000000c0184c68,0x00000000c5580000)
 Metaspace       used 6154K, capacity 7088K, committed 7296K, reserved 1056768K
  class space    used 591K, capacity 616K, committed 640K, reserved 1048576K

Card table byte_map: [0x0000000011e50000,0x0000000012060000] byte_map_base: 0x0000000011850000

Marking Bits: (ParMarkBitMap*) 0x00000000685618f0
 Begin Bits: [0x00000000125c0000, 0x00000000135c0000)
 End Bits:   [0x00000000135c0000, 0x00000000145c0000)

Polling page: 0x0000000002770000

CodeCache: size=245760Kb used=5393Kb max_used=5393Kb free=240367Kb
 bounds [0x0000000002a90000, 0x0000000002fe0000, 0x0000000011a90000]
 total_blobs=1619 nmethods=1351 adapters=182
 compilation: enabled

Compilation events (10 events):
Event: 5.838 Thread 0x000000001515f800 nmethod 1358 0x0000000002fd5a50 code [0x0000000002fd5c20, 0x0000000002fd65b8]
Event: 5.838 Thread 0x000000001515f800 1359       3       com.android.dx.rop.code.RegisterSpec::equalsUsingSimpleType (27 bytes)
Event: 5.838 Thread 0x000000001515f800 nmethod 1359 0x0000000002fd6850 code [0x0000000002fd69c0, 0x0000000002fd6c88]
Event: 5.838 Thread 0x000000001515f800 1360       3       com.android.dx.dex.code.BlockAddresses::getLast (10 bytes)
Event: 5.838 Thread 0x000000001515f800 nmethod 1360 0x0000000002fd6d50 code [0x0000000002fd6ec0, 0x0000000002fd70d0]
Event: 5.838 Thread 0x000000001515f800 1361       3       com.android.dx.dex.code.BlockAddresses::getEnd (10 bytes)
Event: 5.838 Thread 0x000000001515f800 nmethod 1361 0x0000000002fd71d0 code [0x0000000002fd7340, 0x0000000002fd7550]
Event: 5.840 Thread 0x000000001515f800 1362       3       com.android.dx.rop.code.SourcePosition::sameLine (17 bytes)
Event: 5.841 Thread 0x000000001515f800 nmethod 1362 0x0000000002fd7650 code [0x0000000002fd77a0, 0x0000000002fd7950]
Event: 5.841 Thread 0x000000001515f800 1363       2       java.util.HashMap::getNode (148 bytes)

GC Heap History (2 events):
Event: 1.402 GC heap before
{Heap before GC invocations=1 (full 0):
 PSYoungGen      total 38400K, used 33280K [0x00000000eab00000, 0x00000000ed580000, 0x0000000100000000)
  eden space 33280K, 100% used [0x00000000eab00000,0x00000000ecb80000,0x00000000ecb80000)
  from space 5120K, 0% used [0x00000000ed080000,0x00000000ed080000,0x00000000ed580000)
  to   space 5120K, 0% used [0x00000000ecb80000,0x00000000ecb80000,0x00000000ed080000)
 ParOldGen       total 87552K, used 0K [0x00000000c0000000, 0x00000000c5580000, 0x00000000eab00000)
  object space 87552K, 0% used [0x00000000c0000000,0x00000000c0000000,0x00000000c5580000)
 Metaspace       used 5877K, capacity 6896K, committed 7040K, reserved 1056768K
  class space    used 571K, capacity 616K, committed 640K, reserved 1048576K
Event: 1.452 GC heap after
Heap after GC invocations=1 (full 0):
 PSYoungGen      total 38400K, used 5111K [0x00000000eab00000, 0x00000000ef600000, 0x0000000100000000)
  eden space 33280K, 0% used [0x00000000eab00000,0x00000000eab00000,0x00000000ecb80000)
  from space 5120K, 99% used [0x00000000ecb80000,0x00000000ed07dc88,0x00000000ed080000)
  to   space 5120K, 0% used [0x00000000ef100000,0x00000000ef100000,0x00000000ef600000)
 ParOldGen       total 87552K, used 1555K [0x00000000c0000000, 0x00000000c5580000, 0x00000000eab00000)
  object space 87552K, 1% used [0x00000000c0000000,0x00000000c0184c68,0x00000000c5580000)
 Metaspace       used 5877K, capacity 6896K, committed 7040K, reserved 1056768K
  class space    used 571K, capacity 616K, committed 640K, reserved 1048576K
}

Deoptimization events (10 events):
Event: 1.748 Thread 0x0000000016c8e800 Uncommon trap: reason=bimorphic action=maybe_recompile pc=0x0000000002ca64f0 method=java.util.HashMap.getNode(ILjava/lang/Object;)Ljava/util/HashMap$Node; @ 126
Event: 1.749 Thread 0x0000000016c8e800 Uncommon trap: reason=bimorphic action=maybe_recompile pc=0x0000000002c9c018 method=java.util.HashMap.getNode(ILjava/lang/Object;)Ljava/util/HashMap$Node; @ 126
Event: 5.838 Thread 0x0000000016c8e800 Uncommon trap: reason=speculate_class_check action=maybe_recompile pc=0x0000000002e8f6e8 method=com.android.dx.util.FixedSizeList.equals(Ljava/lang/Object;)Z @ 25
Event: 5.838 Thread 0x0000000016c8e800 Uncommon trap: reason=class_check action=maybe_recompile pc=0x0000000002e6e0e4 method=java.util.Arrays.equals([Ljava/lang/Object;[Ljava/lang/Object;)Z @ 62
Event: 5.838 Thread 0x0000000016c8e800 Uncommon trap: reason=speculate_class_check action=maybe_recompile pc=0x0000000002e8f6e8 method=com.android.dx.util.FixedSizeList.equals(Ljava/lang/Object;)Z @ 25
Event: 5.838 Thread 0x0000000016c8e800 Uncommon trap: reason=class_check action=maybe_recompile pc=0x0000000002e6e0e4 method=java.util.Arrays.equals([Ljava/lang/Object;[Ljava/lang/Object;)Z @ 62
Event: 5.838 Thread 0x0000000016c8e800 Uncommon trap: reason=speculate_class_check action=maybe_recompile pc=0x0000000002e8f6e8 method=com.android.dx.util.FixedSizeList.equals(Ljava/lang/Object;)Z @ 25
Event: 5.838 Thread 0x0000000016c8e800 Uncommon trap: reason=class_check action=maybe_recompile pc=0x0000000002e6e0e4 method=java.util.Arrays.equals([Ljava/lang/Object;[Ljava/lang/Object;)Z @ 62
Event: 5.838 Thread 0x0000000016c8e800 Uncommon trap: reason=speculate_class_check action=maybe_recompile pc=0x0000000002e8f6e8 method=com.android.dx.util.FixedSizeList.equals(Ljava/lang/Object;)Z @ 25
Event: 5.838 Thread 0x0000000016c8e800 Uncommon trap: reason=class_check action=maybe_recompile pc=0x0000000002e6e0e4 method=java.util.Arrays.equals([Ljava/lang/Object;[Ljava/lang/Object;)Z @ 62

Internal exceptions (3 events):
Event: 0.037 Thread 0x0000000002990800 Exception <a 'java/lang/NoSuchMethodError': Method sun.misc.Unsafe.defineClass(Ljava/lang/String;[BII)Ljava/lang/Class; name or signature does not match> (0x00000000eab07c78) thrown at [C:\src\android\AOSP-openjdk\external\jetbrains\jdk\hotspot\src\share\v‹Èôû∏£?
Event: 0.037 Thread 0x0000000002990800 Exception <a 'java/lang/NoSuchMethodError': Method sun.misc.Unsafe.prefetchRead(Ljava/lang/Object;J)V name or signature does not match> (0x00000000eab07f60) thrown at [C:\src\android\AOSP-openjdk\external\jetbrains\jdk\hotspot\src\share\vm\prims\jni.cpp, lù”íÓ?
Event: 0.940 Thread 0x0000000016c17000 Implicit null exception at 0x0000000002e10960 to 0x0000000002e134ed

Events (10 events):
Event: 5.838 Thread 0x0000000016c8e800 DEOPT UNPACKING pc=0x0000000002ad556a sp=0x00000000171ce6e0 mode 2
Event: 5.838 Thread 0x0000000016c8e800 Uncommon trap: trap_request=0xffffffde fr.pc=0x0000000002e6e0e4
Event: 5.838 Thread 0x0000000016c8e800 DEOPT PACKING pc=0x0000000002e6e0e4 sp=0x00000000171ce6b0
Event: 5.838 Thread 0x0000000016c8e800 DEOPT UNPACKING pc=0x0000000002ad556a sp=0x00000000171ce650 mode 2
Event: 5.838 loading class com/android/dx/dex/code/CatchTable$Entry
Event: 5.838 loading class com/android/dx/dex/code/CatchTable$Entry done
Event: 5.839 loading class com/android/dx/util/ByteArrayAnnotatedOutput
Event: 5.839 loading class com/android/dx/util/ByteArrayAnnotatedOutput done
Event: 5.860 loading class com/android/dx/rop/code/RegisterSpecList$Expander
Event: 5.860 loading class com/android/dx/rop/code/RegisterSpecList$Expander done


Dynamic libraries:
0x00007ff6c52a0000 - 0x00007ff6c52d1000 	C:\Program Files\Android\Android Studio\jre\bin\java.exe
0x00007ffb1b3a0000 - 0x00007ffb1b54d000 	C:\WINDOWS\SYSTEM32\ntdll.dll
0x00007ffb1ab60000 - 0x00007ffb1ac9e000 	C:\WINDOWS\system32\KERNEL32.DLL
0x00007ffb18820000 - 0x00007ffb18935000 	C:\WINDOWS\system32\KERNELBASE.dll
0x00007ffb1a370000 - 0x00007ffb1a41a000 	C:\WINDOWS\system32\ADVAPI32.dll
0x00007ffb18a20000 - 0x00007ffb18b97000 	C:\WINDOWS\system32\USER32.dll
0x00007ffb15870000 - 0x00007ffb15aeb000 	C:\WINDOWS\WinSxS\amd64_microsoft.windows.common-controls_6595b64144ccf1df_6.0.9600.18006_none_623f33d3ecbe86e8\COMCTL32.dll
0x00007ffb1a490000 - 0x00007ffb1a53a000 	C:\WINDOWS\system32\msvcrt.dll
0x00007ffb1a690000 - 0x00007ffb1a6e9000 	C:\WINDOWS\SYSTEM32\sechost.dll
0x00007ffb1aca0000 - 0x00007ffb1ade0000 	C:\WINDOWS\system32\RPCRT4.dll
0x00007ffb1a540000 - 0x00007ffb1a68b000 	C:\WINDOWS\system32\GDI32.dll
0x00007ffb18940000 - 0x00007ffb1896e000 	C:\WINDOWS\system32\SspiCli.dll
0x00007ffb1a6f0000 - 0x00007ffb1a726000 	C:\WINDOWS\system32\IMM32.DLL
0x00007ffb18ba0000 - 0x00007ffb18cf2000 	C:\WINDOWS\system32\MSCTF.dll
0x00000000678d0000 - 0x00000000679a2000 	C:\Program Files\Android\Android Studio\jre\jre\bin\msvcr100.dll
0x0000000067da0000 - 0x00000000685dc000 	C:\Program Files\Android\Android Studio\jre\jre\bin\server\jvm.dll
0x00007ffb025e0000 - 0x00007ffb025e9000 	C:\WINDOWS\SYSTEM32\WSOCK32.dll
0x00007ffb14a60000 - 0x00007ffb14a82000 	C:\WINDOWS\SYSTEM32\WINMM.dll
0x00007ffb16470000 - 0x00007ffb1647a000 	C:\WINDOWS\SYSTEM32\VERSION.dll
0x00007ffb1a480000 - 0x00007ffb1a487000 	C:\WINDOWS\system32\PSAPI.DLL
0x00007ffb1a420000 - 0x00007ffb1a47a000 	C:\WINDOWS\system32\WS2_32.dll
0x00007ffb149a0000 - 0x00007ffb149ca000 	C:\WINDOWS\SYSTEM32\WINMMBASE.dll
0x00007ffb1b1f0000 - 0x00007ffb1b1f9000 	C:\WINDOWS\system32\NSI.dll
0x00007ffb189d0000 - 0x00007ffb18a1f000 	C:\WINDOWS\SYSTEM32\cfgmgr32.dll
0x00007ffb17130000 - 0x00007ffb17158000 	C:\WINDOWS\SYSTEM32\DEVOBJ.dll
0x00007ffb10f10000 - 0x00007ffb10f1f000 	C:\Program Files\Android\Android Studio\jre\jre\bin\verify.dll
0x00007ffaf4840000 - 0x00007ffaf4869000 	C:\Program Files\Android\Android Studio\jre\jre\bin\java.dll
0x00007ffb01b20000 - 0x00007ffb01b36000 	C:\Program Files\Android\Android Studio\jre\jre\bin\zip.dll
0x00007ffb18e40000 - 0x00007ffb1a369000 	C:\WINDOWS\system32\SHELL32.dll
0x00007ffb1a740000 - 0x00007ffb1a952000 	C:\WINDOWS\SYSTEM32\combase.dll
0x00007ffb18d70000 - 0x00007ffb18dc4000 	C:\WINDOWS\system32\SHLWAPI.dll
0x00007ffb16ea0000 - 0x00007ffb16f52000 	C:\WINDOWS\SYSTEM32\SHCORE.dll
0x00007ffb184c0000 - 0x00007ffb184d5000 	C:\WINDOWS\SYSTEM32\profapi.dll

VM Arguments:
jvm_args: -Djava.awt.headless=true -Xmx1024M -Dfile.encoding=windows-1252 -Duser.country=BR -Duser.language=pt -Duser.variant 
java_command: com.android.dx.command.Main --dex --force-jumbo --num-threads=4 --multi-dex --output C:\Users\erick\AndroidStudioProjects\Moostsql\app\build\intermediates\transforms\dex\debug\folders\1000\10000\instant-run_afc54bd35c928234dc0016c55aa98574ba855589 C:\Users\erick\AndroidStudioProjects\Moostsql\app\build\intermediates\incremental-runtime-classes\debug\instant-run.jar
java_class_path (initial): C:\Users\erick\AppData\Local\Android\sdk\build-tools\25.0.2\lib\dx.jar
Launcher Type: SUN_STANDARD

Environment Variables:
JAVA_HOME=C:\Program Files\Java\jdk1.8.0_121
CLASSPATH=.;C:\Program Files\Java\jdk1.8.0_121
PATH=C:\ProgramData\Oracle\Java\javapath;C:\Program Files (x86)\Intel\iCLS Client\;C:\Program Files\Intel\iCLS Client\;C:\WINDOWS\system32;C:\WINDOWS;C:\WINDOWS\System32\Wbem;C:\WINDOWS\System32\WindowsPowerShell\v1.0\;C:\Program Files\Intel\Intel(R) Management Engine Components\DAL;C:\Program Files (x86)\Intel\Intel(R) Management Engine Components\DAL;C:\Program Files\Intel\Intel(R) Management Engine Components\IPT;C:\Program Files (x86)\Intel\Intel(R) Management Engine Components\IPT;C:\MinGW\bin;;C:\Program Files (x86)\NVIDIA Corporation\PhysX\Common;C:\Program Files\Java\jdk1.8.0_121\bin
USERNAME=erick
OS=Windows_NT
PROCESSOR_IDENTIFIER=Intel64 Family 6 Model 61 Stepping 4, GenuineIntel



---------------  S Y S T E M  ---------------

OS: Windows 8.1 , 64 bit Build 9600 (6.3.9600.17415)

CPU:total 4 (2 cores per cpu, 2 threads per core) family 6 model 61 stepping 4, cmov, cx8, fxsr, mmx, sse, sse2, sse3, ssse3, sse4.1, sse4.2, popcnt, avx, avx2, aes, clmul, erms, 3dnowpref, lzcnt, ht, tsc, tscinvbit, bmi1, bmi2, adx

Memory: 4k page, physical 8296900k(1735140k free), swap 9607620k(16940k free)

vm_info: OpenJDK 64-Bit Server VM (25.112-b06) for windows-amd64 JRE (1.8.0_112-release-b06), built on Dec  8 2016 00:54:26 by "builder" with MS VC++ 10.0 (VS2010)

time: Fri Aug 11 22:12:52 2017
elapsed time: 9 seconds (0d 0h 0m 9s)

