#
# There is insufficient memory for the Java Runtime Environment to continue.
# Native memory allocation (malloc) failed to allocate 1048576 bytes for AllocateHeap
# Possible reasons:
#   The system is out of physical RAM or swap space
#   In 32 bit mode, the process size limit was hit
# Possible solutions:
#   Reduce memory load on the system
#   Increase physical memory or swap space
#   Check if swap backing store is full
#   Use 64 bit Java on a 64 bit OS
#   Decrease Java heap size (-Xmx/-Xms)
#   Decrease number of Java threads
#   Decrease Java thread stack sizes (-Xss)
#   Set larger code cache with -XX:ReservedCodeCacheSize=
# This output file may be truncated or incomplete.
#
#  Out of Memory Error (memory/allocation.inline.hpp:61), pid=9040, tid=0x0000000000001978
#
# JRE version:  (8.0_112-b06) (build )
# Java VM: OpenJDK 64-Bit Server VM (25.112-b06 mixed mode windows-amd64 compressed oops)
# Failed to write core dump. Minidumps are not enabled by default on client versions of Windows
#

---------------  T H R E A D  ---------------

Current thread (0x0000000001ee0800):  JavaThread "Unknown thread" [_thread_in_vm, id=6520, stack(0x0000000001de0000,0x0000000001ee0000)]

Stack: [0x0000000001de0000,0x0000000001ee0000]
[error occurred during error reporting (printing stack bounds), id 0xc0000005]

Native frames: (J=compiled Java code, j=interpreted, Vv=VM code, C=native code)


---------------  P R O C E S S  ---------------

Java Threads: ( => current thread )

Other Threads:

=>0x0000000001ee0800 (exited) JavaThread "Unknown thread" [_thread_in_vm, id=6520, stack(0x0000000001de0000,0x0000000001ee0000)]

VM state:not at safepoint (normal execution)

VM Mutex/Monitor currently owned by a thread: None

Heap:
 PSYoungGen      total 38400K, used 665K [0x00000000eab00000, 0x00000000ed580000, 0x0000000100000000)
  eden space 33280K, 2% used [0x00000000eab00000,0x00000000eaba6670,0x00000000ecb80000)
  from space 5120K, 0% used [0x00000000ed080000,0x00000000ed080000,0x00000000ed580000)
  to   space 5120K, 0% used [0x00000000ecb80000,0x00000000ecb80000,0x00000000ed080000)
 ParOldGen       total 87552K, used 0K [0x00000000c0000000, 0x00000000c5580000, 0x00000000eab00000)
  object space 87552K, 0% used [0x00000000c0000000,0x00000000c0000000,0x00000000c5580000)
 Metaspace       used 772K, capacity 4480K, committed 4480K, reserved 1056768K
  class space    used 73K, capacity 384K, committed 384K, reserved 1048576K

Card table byte_map: [0x00000000113a0000,0x00000000115b0000] byte_map_base: 0x0000000010da0000

Marking Bits: (ParMarkBitMap*) 0x00000000685618f0
 Begin Bits: [0x0000000011b10000, 0x0000000012b10000)
 End Bits:   [0x0000000012b10000, 0x0000000013b10000)

Polling page: 0x0000000001c90000

CodeCache: size=245760Kb used=328Kb max_used=328Kb free=245431Kb
 bounds [0x0000000001fe0000, 0x0000000002250000, 0x0000000010fe0000]
 total_blobs=57 nmethods=0 adapters=38
 compilation: enabled

Compilation events (0 events):
No events

GC Heap History (0 events):
No events

Deoptimization events (0 events):
No events

Internal exceptions (0 events):
No events

Events (10 events):
Event: 0.355 loading class java/lang/Short
Event: 0.355 loading class java/lang/Short done
Event: 0.355 loading class java/lang/Integer
Event: 0.355 loading class java/lang/Integer done
Event: 0.355 loading class java/lang/Long
Event: 0.355 loading class java/lang/Long done
Event: 0.356 loading class java/lang/NullPointerException
Event: 0.356 loading class java/lang/NullPointerException done
Event: 0.356 loading class java/lang/ArithmeticException
Event: 0.356 loading class java/lang/ArithmeticException done


Dynamic libraries:
0x00007ff6c52a0000 - 0x00007ff6c52d1000 	C:\Program Files\Android\Android Studio\jre\bin\java.exe
0x00007ffb1b3a0000 - 0x00007ffb1b54d000 	C:\WINDOWS\SYSTEM32\ntdll.dll
0x00007ffb1ab60000 - 0x00007ffb1ac9e000 	C:\WINDOWS\system32\KERNEL32.DLL
0x00007ffb18820000 - 0x00007ffb18935000 	C:\WINDOWS\system32\KERNELBASE.dll
0x00007ffb1a370000 - 0x00007ffb1a41a000 	C:\WINDOWS\system32\ADVAPI32.dll
0x00007ffb18a20000 - 0x00007ffb18b97000 	C:\WINDOWS\system32\USER32.dll
0x00007ffb15870000 - 0x00007ffb15aeb000 	C:\WINDOWS\WinSxS\amd64_microsoft.windows.common-controls_6595b64144ccf1df_6.0.9600.18006_none_623f33d3ecbe86e8\COMCTL32.dll
0x00007ffb1a490000 - 0x00007ffb1a53a000 	C:\WINDOWS\system32\msvcrt.dll
0x00007ffb1a690000 - 0x00007ffb1a6e9000 	C:\WINDOWS\SYSTEM32\sechost.dll
0x00007ffb1aca0000 - 0x00007ffb1ade0000 	C:\WINDOWS\system32\RPCRT4.dll
0x00007ffb1a540000 - 0x00007ffb1a68b000 	C:\WINDOWS\system32\GDI32.dll
0x00007ffb18940000 - 0x00007ffb1896e000 	C:\WINDOWS\system32\SspiCli.dll
0x00007ffb1a6f0000 - 0x00007ffb1a726000 	C:\WINDOWS\system32\IMM32.DLL
0x00007ffb18ba0000 - 0x00007ffb18cf2000 	C:\WINDOWS\system32\MSCTF.dll
0x00000000678d0000 - 0x00000000679a2000 	C:\Program Files\Android\Android Studio\jre\jre\bin\msvcr100.dll
0x0000000067da0000 - 0x00000000685dc000 	C:\Program Files\Android\Android Studio\jre\jre\bin\server\jvm.dll
0x00007ffb025e0000 - 0x00007ffb025e9000 	C:\WINDOWS\SYSTEM32\WSOCK32.dll
0x00007ffb14a60000 - 0x00007ffb14a82000 	C:\WINDOWS\SYSTEM32\WINMM.dll
0x00007ffb16470000 - 0x00007ffb1647a000 	C:\WINDOWS\SYSTEM32\VERSION.dll
0x00007ffb1a480000 - 0x00007ffb1a487000 	C:\WINDOWS\system32\PSAPI.DLL
0x00007ffb1a420000 - 0x00007ffb1a47a000 	C:\WINDOWS\system32\WS2_32.dll
0x00007ffb149a0000 - 0x00007ffb149ca000 	C:\WINDOWS\SYSTEM32\WINMMBASE.dll
0x00007ffb1b1f0000 - 0x00007ffb1b1f9000 	C:\WINDOWS\system32\NSI.dll
0x00007ffb189d0000 - 0x00007ffb18a1f000 	C:\WINDOWS\SYSTEM32\cfgmgr32.dll
0x00007ffb17130000 - 0x00007ffb17158000 	C:\WINDOWS\SYSTEM32\DEVOBJ.dll
0x00007ffb10f10000 - 0x00007ffb10f1f000 	C:\Program Files\Android\Android Studio\jre\jre\bin\verify.dll
0x00007ffaf4840000 - 0x00007ffaf4869000 	C:\Program Files\Android\Android Studio\jre\jre\bin\java.dll
0x00007ffb01b20000 - 0x00007ffb01b36000 	C:\Program Files\Android\Android Studio\jre\jre\bin\zip.dll

VM Arguments:
jvm_args: -Djava.awt.headless=true -Xmx1024M -Dfile.encoding=windows-1252 -Duser.country=BR -Duser.language=pt -Duser.variant 
java_command: com.android.dx.command.Main --dex --force-jumbo --num-threads=4 --multi-dex --output C:\Users\erick\AndroidStudioProjects\Moostsql\app\build\intermediates\transforms\dex\debug\folders\1000\5\slice_4 C:\Users\erick\AndroidStudioProjects\Moostsql\app\build\intermediates\transforms\instantRunSlicer\debug\folders\1\5\slice_4
java_class_path (initial): C:\Users\erick\AppData\Local\Android\sdk\build-tools\25.0.2\lib\dx.jar
Launcher Type: SUN_STANDARD

Environment Variables:
JAVA_HOME=C:\Program Files\Java\jdk1.8.0_121
CLASSPATH=.;C:\Program Files\Java\jdk1.8.0_121
PATH=C:\ProgramData\Oracle\Java\javapath;C:\Program Files (x86)\Intel\iCLS Client\;C:\Program Files\Intel\iCLS Client\;C:\WINDOWS\system32;C:\WINDOWS;C:\WINDOWS\System32\Wbem;C:\WINDOWS\System32\WindowsPowerShell\v1.0\;C:\Program Files\Intel\Intel(R) Management Engine Components\DAL;C:\Program Files (x86)\Intel\Intel(R) Management Engine Components\DAL;C:\Program Files\Intel\Intel(R) Management Engine Components\IPT;C:\Program Files (x86)\Intel\Intel(R) Management Engine Components\IPT;C:\MinGW\bin;;C:\Program Files (x86)\NVIDIA Corporation\PhysX\Common;C:\Program Files\Java\jdk1.8.0_121\bin
USERNAME=erick
OS=Windows_NT
PROCESSOR_IDENTIFIER=Intel64 Family 6 Model 61 Stepping 4, GenuineIntel



---------------  S Y S T E M  ---------------

OS: Windows 8.1 , 64 bit Build 9600 (6.3.9600.17415)

CPU:total 4 (2 cores per cpu, 2 threads per core) family 6 model 61 stepping 4, cmov, cx8, fxsr, mmx, sse, sse2, sse3, ssse3, sse4.1, sse4.2, popcnt, avx, avx2, aes, clmul, erms, 3dnowpref, lzcnt, ht, tsc, tscinvbit, bmi1, bmi2, adx

Memory: 4k page, physical 8296900k(1762908k free), swap 9607620k(56776k free)

vm_info: OpenJDK 64-Bit Server VM (25.112-b06) for windows-amd64 JRE (1.8.0_112-release-b06), built on Dec  8 2016 00:54:26 by "builder" with MS VC++ 10.0 (VS2010)

time: Fri Aug 11 22:12:42 2017
elapsed time: 2 seconds (0d 0h 0m 2s)

